f:\githubrepository\qt\pointer\pointer\pointer\debug\vc141.pdb
f:\githubrepository\qt\pointer\pointer\pointer\debug\vc141.idb
f:\githubrepository\qt\pointer\pointer\pointer\debug\main.obj
f:\githubrepository\qt\pointer\pointer\debug\pointer.pdb
f:\githubrepository\qt\pointer\pointer\pointer\debug\pointer.tlog\cl.command.1.tlog
f:\githubrepository\qt\pointer\pointer\pointer\debug\pointer.tlog\cl.read.1.tlog
f:\githubrepository\qt\pointer\pointer\pointer\debug\pointer.tlog\cl.write.1.tlog
f:\githubrepository\qt\pointer\pointer\pointer\debug\pointer.tlog\link-cvtres.read.1.tlog
f:\githubrepository\qt\pointer\pointer\pointer\debug\pointer.tlog\link-cvtres.write.1.tlog
f:\githubrepository\qt\pointer\pointer\pointer\debug\pointer.tlog\link-rc.read.1.tlog
f:\githubrepository\qt\pointer\pointer\pointer\debug\pointer.tlog\link-rc.write.1.tlog
f:\githubrepository\qt\pointer\pointer\pointer\debug\pointer.tlog\link.11420-cvtres.read.1.tlog
f:\githubrepository\qt\pointer\pointer\pointer\debug\pointer.tlog\link.11420-cvtres.write.1.tlog
f:\githubrepository\qt\pointer\pointer\pointer\debug\pointer.tlog\link.11420-rc.read.1.tlog
f:\githubrepository\qt\pointer\pointer\pointer\debug\pointer.tlog\link.11420-rc.write.1.tlog
f:\githubrepository\qt\pointer\pointer\pointer\debug\pointer.tlog\link.11420.read.1.tlog
f:\githubrepository\qt\pointer\pointer\pointer\debug\pointer.tlog\link.11420.write.1.tlog
f:\githubrepository\qt\pointer\pointer\pointer\debug\pointer.tlog\link.command.1.tlog
f:\githubrepository\qt\pointer\pointer\pointer\debug\pointer.tlog\link.read.1.tlog
f:\githubrepository\qt\pointer\pointer\pointer\debug\pointer.tlog\link.write.1.tlog
