f:\githubrepository\qt\mytcp\mytcp\win32\debug\vc141.pdb
f:\githubrepository\qt\mytcp\mytcp\win32\debug\mytcpserver.obj
f:\githubrepository\qt\mytcp\mytcp\win32\debug\moc_mytcpclient.obj
f:\githubrepository\qt\mytcp\mytcp\win32\debug\mytcpclient.obj
f:\githubrepository\qt\mytcp\mytcp\win32\debug\main.obj
f:\githubrepository\qt\mytcp\mytcp\win32\debug\moc_mytcpserver.obj
f:\githubrepository\qt\mytcp\mytcp\debug\moc_predefs.h
f:\githubrepository\qt\mytcp\mytcp\generatedfiles\debug\moc_mytcpclient.cpp
f:\githubrepository\qt\mytcp\mytcp\generatedfiles\debug\moc_mytcpserver.cpp
f:\githubrepository\qt\mytcp\mytcp\generatedfiles\ui_mytcpclient.h
f:\githubrepository\qt\mytcp\mytcp\generatedfiles\ui_mytcpserver.h
f:\githubrepository\qt\mytcp\mytcp\.\generatedfiles\debug\moc_mytcpclient.cpp
f:\githubrepository\qt\mytcp\mytcp\.\generatedfiles\debug\moc_mytcpserver.cpp
f:\githubrepository\qt\mytcp\mytcp\.\generatedfiles\ui_mytcpclient.h
f:\githubrepository\qt\mytcp\mytcp\.\generatedfiles\ui_mytcpserver.h
f:\githubrepository\qt\mytcp\mytcp\debug\mytcp.exe
f:\githubrepository\qt\mytcp\mytcp\win32\debug\mytcp.tlog\cl.command.1.tlog
f:\githubrepository\qt\mytcp\mytcp\win32\debug\mytcp.tlog\cl.read.1.tlog
f:\githubrepository\qt\mytcp\mytcp\win32\debug\mytcp.tlog\cl.write.1.tlog
f:\githubrepository\qt\mytcp\mytcp\win32\debug\mytcp.tlog\custombuild.command.1.tlog
f:\githubrepository\qt\mytcp\mytcp\win32\debug\mytcp.tlog\custombuild.read.1.tlog
f:\githubrepository\qt\mytcp\mytcp\win32\debug\mytcp.tlog\custombuild.write.1.tlog
f:\githubrepository\qt\mytcp\mytcp\win32\debug\mytcp.tlog\link.command.1.tlog
f:\githubrepository\qt\mytcp\mytcp\win32\debug\mytcp.tlog\link.read.1.tlog
f:\githubrepository\qt\mytcp\mytcp\win32\debug\mytcp.tlog\mytcp.write.1u.tlog
f:\githubrepository\qt\mytcp\mytcp\win32\debug\mytcp.tlog\qtmoc.read.1u.tlog
f:\githubrepository\qt\mytcp\mytcp\win32\debug\mytcp.tlog\qtmoc.write.1u.tlog
f:\githubrepository\qt\mytcp\mytcp\win32\debug\mytcp.tlog\qtuic.read.1u.tlog
f:\githubrepository\qt\mytcp\mytcp\win32\debug\mytcp.tlog\qtuic.write.1u.tlog
