d:\githubrepository\qt\qiconpushbutton\qiconpushbutton\win32\debug\main.obj
d:\githubrepository\qt\qiconpushbutton\qiconpushbutton\win32\debug\qrc_image.obj
d:\githubrepository\qt\qiconpushbutton\qiconpushbutton\win32\debug\moc_qiconpushbutton.obj
d:\githubrepository\qt\qiconpushbutton\qiconpushbutton\.\generatedfiles\debug\moc_qiconpushbutton.cpp
d:\githubrepository\qt\qiconpushbutton\qiconpushbutton\generatedfiles\debug\moc_qiconpushbutton.cpp
d:\githubrepository\qt\qiconpushbutton\qiconpushbutton\generatedfiles\qrc_image.cpp
d:\githubrepository\qt\qiconpushbutton\qiconpushbutton\generatedfiles\ui_qiconpushbutton.h
d:\githubrepository\qt\qiconpushbutton\qiconpushbutton\.\generatedfiles\qrc_image.cpp
d:\githubrepository\qt\qiconpushbutton\qiconpushbutton\.\generatedfiles\ui_qiconpushbutton.h
d:\githubrepository\qt\qiconpushbutton\qiconpushbutton\win32\debug\vc140.pdb
d:\githubrepository\qt\qiconpushbutton\qiconpushbutton\win32\debug\qiconpushbutton.tlog\cl.command.1.tlog
d:\githubrepository\qt\qiconpushbutton\qiconpushbutton\win32\debug\qiconpushbutton.tlog\cl.read.1.tlog
d:\githubrepository\qt\qiconpushbutton\qiconpushbutton\win32\debug\qiconpushbutton.tlog\cl.write.1.tlog
d:\githubrepository\qt\qiconpushbutton\qiconpushbutton\win32\debug\qiconpushbutton.tlog\moc.read.1u.tlog
d:\githubrepository\qt\qiconpushbutton\qiconpushbutton\win32\debug\qiconpushbutton.tlog\moc.write.1u.tlog
d:\githubrepository\qt\qiconpushbutton\qiconpushbutton\win32\debug\qiconpushbutton.tlog\qiconpushbutton.write.1u.tlog
d:\githubrepository\qt\qiconpushbutton\qiconpushbutton\win32\debug\qiconpushbutton.tlog\qtmoc.read.1u.tlog
d:\githubrepository\qt\qiconpushbutton\qiconpushbutton\win32\debug\qiconpushbutton.tlog\qtmoc.write.1u.tlog
d:\githubrepository\qt\qiconpushbutton\qiconpushbutton\win32\debug\qiconpushbutton.tlog\qtrcc.read.1u.tlog
d:\githubrepository\qt\qiconpushbutton\qiconpushbutton\win32\debug\qiconpushbutton.tlog\qtrcc.write.1u.tlog
d:\githubrepository\qt\qiconpushbutton\qiconpushbutton\win32\debug\qiconpushbutton.tlog\qtuic.read.1u.tlog
d:\githubrepository\qt\qiconpushbutton\qiconpushbutton\win32\debug\qiconpushbutton.tlog\qtuic.write.1u.tlog
d:\githubrepository\qt\qiconpushbutton\qiconpushbutton\win32\debug\qiconpushbutton.tlog\rcc.read.1u.tlog
d:\githubrepository\qt\qiconpushbutton\qiconpushbutton\win32\debug\qiconpushbutton.tlog\rcc.write.1u.tlog
