d:\githubrepository\qt\imagedragdrop\win32\debug\main.obj
d:\githubrepository\qt\imagedragdrop\win32\debug\mainwindow.obj
d:\githubrepository\qt\imagedragdrop\win32\debug\moc_mainwindow.obj
d:\githubrepository\qt\imagedragdrop\win32\debug\vc140.pdb
d:\githubrepository\qt\imagedragdrop\ui_mainwindow.h
d:\githubrepository\qt\imagedragdrop\debug\moc_mainwindow.cpp
d:\githubrepository\qt\imagedragdrop\debug\imagedragdrop.ilk
d:\githubrepository\qt\imagedragdrop\debug\imagedragdrop.exe
d:\githubrepository\qt\imagedragdrop\debug\imagedragdrop.pdb
d:\githubrepository\qt\imagedragdrop\win32\debug\imagedragdrop.tlog\cl.command.1.tlog
d:\githubrepository\qt\imagedragdrop\win32\debug\imagedragdrop.tlog\cl.read.1.tlog
d:\githubrepository\qt\imagedragdrop\win32\debug\imagedragdrop.tlog\cl.write.1.tlog
d:\githubrepository\qt\imagedragdrop\win32\debug\imagedragdrop.tlog\imagedragdrop.write.1u.tlog
d:\githubrepository\qt\imagedragdrop\win32\debug\imagedragdrop.tlog\link.command.1.tlog
d:\githubrepository\qt\imagedragdrop\win32\debug\imagedragdrop.tlog\link.read.1.tlog
d:\githubrepository\qt\imagedragdrop\win32\debug\imagedragdrop.tlog\link.write.1.tlog
d:\githubrepository\qt\imagedragdrop\win32\debug\imagedragdrop.tlog\moc.read.1u.tlog
d:\githubrepository\qt\imagedragdrop\win32\debug\imagedragdrop.tlog\moc.write.1u.tlog
d:\githubrepository\qt\imagedragdrop\win32\debug\imagedragdrop.tlog\uic.read.1u.tlog
d:\githubrepository\qt\imagedragdrop\win32\debug\imagedragdrop.tlog\uic.write.1u.tlog
