d:\githubrepository\qt\mainwindow\mainwindow\win32\debug\connectdlg.obj
d:\githubrepository\qt\mainwindow\mainwindow\win32\debug\main.obj
d:\githubrepository\qt\mainwindow\mainwindow\win32\debug\moc_connectdlg.obj
d:\githubrepository\qt\mainwindow\mainwindow\win32\debug\moc_mainwindow.obj
d:\githubrepository\qt\mainwindow\mainwindow\win32\debug\mainwindow.obj
d:\githubrepository\qt\mainwindow\mainwindow\win32\debug\vc140.pdb
d:\githubrepository\qt\mainwindow\mainwindow\win32\debug\editdialog.obj
d:\githubrepository\qt\mainwindow\mainwindow\debug\mainwindow.ilk
d:\githubrepository\qt\mainwindow\mainwindow\debug\mainwindow.exe
d:\githubrepository\qt\mainwindow\mainwindow\debug\mainwindow.pdb
d:\githubrepository\qt\mainwindow\mainwindow\generatedfiles\debug\moc_connectdlg.cpp
d:\githubrepository\qt\mainwindow\mainwindow\generatedfiles\debug\moc_mainwindow.cpp
d:\githubrepository\qt\mainwindow\mainwindow\generatedfiles\ui_connectdlg.h
d:\githubrepository\qt\mainwindow\mainwindow\.\generatedfiles\debug\moc_connectdlg.cpp
d:\githubrepository\qt\mainwindow\mainwindow\.\generatedfiles\debug\moc_mainwindow.cpp
d:\githubrepository\qt\mainwindow\mainwindow\.\generatedfiles\ui_connectdlg.h
d:\githubrepository\qt\mainwindow\mainwindow\win32\debug\mainwindow.tlog\cl.command.1.tlog
d:\githubrepository\qt\mainwindow\mainwindow\win32\debug\mainwindow.tlog\cl.read.1.tlog
d:\githubrepository\qt\mainwindow\mainwindow\win32\debug\mainwindow.tlog\cl.write.1.tlog
d:\githubrepository\qt\mainwindow\mainwindow\win32\debug\mainwindow.tlog\link.command.1.tlog
d:\githubrepository\qt\mainwindow\mainwindow\win32\debug\mainwindow.tlog\link.read.1.tlog
d:\githubrepository\qt\mainwindow\mainwindow\win32\debug\mainwindow.tlog\link.write.1.tlog
d:\githubrepository\qt\mainwindow\mainwindow\win32\debug\mainwindow.tlog\mainwindow.write.1u.tlog
d:\githubrepository\qt\mainwindow\mainwindow\win32\debug\mainwindow.tlog\qtmoc.read.1u.tlog
d:\githubrepository\qt\mainwindow\mainwindow\win32\debug\mainwindow.tlog\qtmoc.write.1u.tlog
d:\githubrepository\qt\mainwindow\mainwindow\win32\debug\mainwindow.tlog\qtuic.read.1u.tlog
d:\githubrepository\qt\mainwindow\mainwindow\win32\debug\mainwindow.tlog\qtuic.write.1u.tlog
